<?xml version="1.0" encoding="UTF-8"?>
<testsuites tests="5" name="IntelliJ Rest CLI - Test Generator">
<testsuite tests="1" name="http://localhost:3000/api/auth/login" errors="0" failures="0" skip="0"><testcase  classname="Test" name="Request executed successfully" time="0"/>
</testsuite><testsuite tests="1" name="http://localhost:3000/api/shoe-model" errors="0" failures="0" skip="0"><testcase  classname="Test" name="Request executed successfully" time="0"/>
</testsuite><testsuite tests="3" name="http://localhost:3000/api/shoe-model" errors="0" failures="3" skip="0">                <testcase  classname="Test" name="Request executed successfully" time="0">
                    <failure type="AssertionFailure" message="Response status is not 200
">Response status is not 200

File: shoe-model.http
Line: 57</failure>
                </testcase>
                <testcase  classname="Test" name="Shoe Model is in response" time="0">
                    <failure type="TypeError" message="Cannot read property &quot;filter&quot; from undefined
">Cannot read property &quot;filter&quot; from undefined

File: shoe-model.http
Line: 57</failure>
                </testcase>
                <testcase  classname="Test" name="Shoe Model is first item" time="0">
                    <failure type="TypeError" message="Cannot read property &quot;0&quot; from undefined
">Cannot read property &quot;0&quot; from undefined

File: shoe-model.http
Line: 57</failure>
                </testcase>
</testsuite></testsuites>