<?xml version="1.0" encoding="UTF-8"?>
<testsuites tests="4" name="IntelliJ Rest CLI - Test Generator">
<testsuite tests="1" name="http://localhost:3000/api/auth/login" errors="0" failures="0" skip="0"><testcase  classname="Test" name="Request executed successfully" time="0"/>
</testsuite><testsuite tests="3" name="http://localhost:3000/api/shoe-model" errors="0" failures="2" skip="0"><testcase  classname="Test" name="Request executed successfully" time="0"/>
                <testcase  classname="Test" name="Shoe Model is in response" time="0">
                    <failure type="AssertionFailure" message="undefined
">undefined

File: shoe-model.http
Line: 48</failure>
                </testcase>
                <testcase  classname="Test" name="Shoe Model is first item" time="0">
                    <failure type="TypeError" message="Cannot read property &quot;id&quot; from undefined
">Cannot read property &quot;id&quot; from undefined

File: shoe-model.http
Line: 48</failure>
                </testcase>
</testsuite></testsuites>